-encoding
UTF-8
-outxml
-source
1.6
-target
1.6
-classpath
C:\Users\User\.m2\repository\aopalliance\aopalliance\1.0\aopalliance-1.0.jar;C:\Users\User\.m2\repository\commons-beanutils\commons-beanutils\1.8.3\commons-beanutils-1.8.3.jar;C:\Users\User\.m2\repository\commons-codec\commons-codec\1.5\commons-codec-1.5.jar;C:\Users\User\.m2\repository\commons-digester\commons-digester\2.1\commons-digester-2.1.jar;C:\Users\User\.m2\repository\commons-fileupload\commons-fileupload\1.2.2\commons-fileupload-1.2.2.jar;C:\Users\User\.m2\repository\commons-io\commons-io\2.1\commons-io-2.1.jar;C:\Users\User\.m2\repository\javax\el\el-api\2.2\el-api-2.2.jar;C:\Users\User\.m2\repository\javax\persistence\persistence-api\1.0\persistence-api-1.0.jar;C:\Users\User\.m2\repository\javax\servlet\servlet-api\2.5\servlet-api-2.5.jar;C:\Users\User\.m2\repository\javax\servlet\jsp\jsp-api\2.1\jsp-api-2.1.jar;C:\Users\User\.m2\repository\javax\servlet\jsp\jstl\jstl-api\1.2\jstl-api-1.2.jar;C:\Users\User\.m2\repository\javax\validation\validation-api\1.0.0.GA\validation-api-1.0.0.GA.jar;C:\Users\User\.m2\repository\joda-time\joda-time\1.6\joda-time-1.6.jar;C:\Users\User\.m2\repository\junit\junit\4.10\junit-4.10.jar;C:\Users\User\.m2\repository\log4j\log4j\1.2.16\log4j-1.2.16.jar;C:\Users\User\.m2\repository\net\sf\flexjson\flexjson\2.1\flexjson-2.1.jar;C:\Users\User\.m2\repository\org\apache\commons\commons-lang3\3.1\commons-lang3-3.1.jar;C:\Users\User\.m2\repository\org\apache\tiles\tiles-api\2.2.2\tiles-api-2.2.2.jar;C:\Users\User\.m2\repository\org\apache\tiles\tiles-core\2.2.2\tiles-core-2.2.2.jar;C:\Users\User\.m2\repository\org\apache\tiles\tiles-jsp\2.2.2\tiles-jsp-2.2.2.jar;C:\Users\User\.m2\repository\org\apache\tiles\tiles-servlet\2.2.2\tiles-servlet-2.2.2.jar;C:\Users\User\.m2\repository\org\apache\tiles\tiles-template\2.2.2\tiles-template-2.2.2.jar;C:\Users\User\.m2\repository\org\aspectj\aspectjrt\1.7.0\aspectjrt-1.7.0.jar;C:\Users\User\.m2\repository\org\aspectj\aspectjweaver\1.7.0\aspectjweaver-1.7.0.jar;C:\Users\User\.m2\repository\org\cloudfoundry\cloudfoundry-runtime\0.8.0\cloudfoundry-runtime-0.8.0.jar;C:\Users\User\.m2\repository\org\glassfish\web\jstl-impl\1.2\jstl-impl-1.2.jar;C:\Users\User\.m2\repository\org\hibernate\hibernate-validator\4.2.0.Final\hibernate-validator-4.2.0.Final.jar;C:\Users\User\.m2\repository\org\mongodb\mongo-java-driver\2.6.5\mongo-java-driver-2.6.5.jar;C:\Users\User\.m2\repository\org\slf4j\jcl-over-slf4j\1.7.2\jcl-over-slf4j-1.7.2.jar;C:\Users\User\.m2\repository\org\slf4j\slf4j-api\1.7.2\slf4j-api-1.7.2.jar;C:\Users\User\.m2\repository\org\slf4j\slf4j-log4j12\1.7.2\slf4j-log4j12-1.7.2.jar;C:\Users\User\.m2\repository\org\springframework\spring-aop\3.2.0.RELEASE\spring-aop-3.2.0.RELEASE.jar;C:\Users\User\.m2\repository\org\springframework\spring-aspects\3.2.0.RELEASE\spring-aspects-3.2.0.RELEASE.jar;C:\Users\User\.m2\repository\org\springframework\spring-beans\3.2.0.RELEASE\spring-beans-3.2.0.RELEASE.jar;C:\Users\User\.m2\repository\org\springframework\spring-context\3.2.0.RELEASE\spring-context-3.2.0.RELEASE.jar;C:\Users\User\.m2\repository\org\springframework\spring-context-support\3.2.0.RELEASE\spring-context-support-3.2.0.RELEASE.jar;C:\Users\User\.m2\repository\org\springframework\spring-core\3.2.0.RELEASE\spring-core-3.2.0.RELEASE.jar;C:\Users\User\.m2\repository\org\springframework\spring-expression\3.2.0.RELEASE\spring-expression-3.2.0.RELEASE.jar;C:\Users\User\.m2\repository\org\springframework\spring-jdbc\3.0.6.RELEASE\spring-jdbc-3.0.6.RELEASE.jar;C:\Users\User\.m2\repository\org\springframework\spring-test\3.2.0.RELEASE\spring-test-3.2.0.RELEASE.jar;C:\Users\User\.m2\repository\org\springframework\spring-tx\3.0.6.RELEASE\spring-tx-3.0.6.RELEASE.jar;C:\Users\User\.m2\repository\org\springframework\spring-web\3.2.0.RELEASE\spring-web-3.2.0.RELEASE.jar;C:\Users\User\.m2\repository\org\springframework\spring-webmvc\3.2.0.RELEASE\spring-webmvc-3.2.0.RELEASE.jar;C:\Users\User\.m2\repository\org\springframework\data\spring-data-commons-core\1.2.0.M2\spring-data-commons-core-1.2.0.M2.jar;C:\Users\User\.m2\repository\org\springframework\data\spring-data-mongodb\1.0.0.M5\spring-data-mongodb-1.0.0.M5.jar;C:\Users\User\.m2\repository\org\springframework\roo\org.springframework.roo.annotations\1.2.3.RELEASE\org.springframework.roo.annotations-1.2.3.RELEASE.jar;C:\Users\User\.m2\repository\org\springframework\security\spring-security-acl\3.1.0.RELEASE\spring-security-acl-3.1.0.RELEASE.jar;C:\Users\User\.m2\repository\org\springframework\security\spring-security-config\3.1.0.RELEASE\spring-security-config-3.1.0.RELEASE.jar;C:\Users\User\.m2\repository\org\springframework\security\spring-security-core\3.1.0.RELEASE\spring-security-core-3.1.0.RELEASE.jar;C:\Users\User\.m2\repository\org\springframework\security\spring-security-crypto\3.1.0.RELEASE\spring-security-crypto-3.1.0.RELEASE.jar;C:\Users\User\.m2\repository\org\springframework\security\spring-security-taglibs\3.1.0.RELEASE\spring-security-taglibs-3.1.0.RELEASE.jar;C:\Users\User\.m2\repository\org\springframework\security\spring-security-web\3.1.0.RELEASE\spring-security-web-3.1.0.RELEASE.jar;C:\Users\User\.m2\repository\org\springframework\webflow\spring-js-resources\2.2.1.RELEASE\spring-js-resources-2.2.1.RELEASE.jar;D:\workspace\jobmatcher\target\classes
-aspectpath
C:\Users\User\.m2\repository\org\springframework\spring-aspects\3.2.0.RELEASE\spring-aspects-3.2.0.RELEASE.jar
-d
D:\workspace\jobmatcher\target\classes
D:\workspace\jobmatcher\src\main\java\com\jobmatcher\service\AddressServiceImpl.java
D:\workspace\jobmatcher\src\main\java\com\jobmatcher\service\CoverLetterService.java
D:\workspace\jobmatcher\src\main\java\com\jobmatcher\domain\HiringManager_Roo_ToString.aj
D:\workspace\jobmatcher\src\main\java\com\jobmatcher\domain\SavedJob.java
D:\workspace\jobmatcher\src\main\java\com\jobmatcher\domain\Addresses_Roo_Mongo_Entity.aj
D:\workspace\jobmatcher\src\main\java\com\jobmatcher\reference\JobType.java
D:\workspace\jobmatcher\src\main\java\com\jobmatcher\domain\Addresses_Roo_Json.aj
D:\workspace\jobmatcher\src\main\java\com\jobmatcher\domain\Addresses.java
D:\workspace\jobmatcher\src\main\java\com\jobmatcher\service\ResumeServiceImpl_Roo_Service.aj
D:\workspace\jobmatcher\src\main\java\com\jobmatcher\service\ResumeService_Roo_Service.aj
D:\workspace\jobmatcher\src\main\java\com\jobmatcher\web\JobSeekerController_Roo_Controller.aj
D:\workspace\jobmatcher\src\main\java\com\jobmatcher\domain\CoverLetter_Roo_Json.aj
D:\workspace\jobmatcher\src\main\java\com\jobmatcher\web\JobSeekerController.java
D:\workspace\jobmatcher\src\main\java\com\jobmatcher\web\AddressesController.java
D:\workspace\jobmatcher\src\main\java\com\jobmatcher\domain\Job_Roo_JavaBean.aj
D:\workspace\jobmatcher\src\main\java\com\jobmatcher\service\JobSeekerServiceImpl.java
D:\workspace\jobmatcher\src\main\java\com\jobmatcher\service\JobApplicantServiceImpl_Roo_Service.aj
D:\workspace\jobmatcher\src\main\java\com\jobmatcher\web\JobSeekerController_Roo_Controller_Json.aj
D:\workspace\jobmatcher\src\main\java\com\jobmatcher\service\SavedJobApplicantService.java
D:\workspace\jobmatcher\src\main\java\com\jobmatcher\service\SavedJobServiceImpl.java
D:\workspace\jobmatcher\src\main\java\com\jobmatcher\domain\JobApplicant_Roo_JavaBean.aj
D:\workspace\jobmatcher\src\main\java\com\jobmatcher\domain\SavedJobApplicant_Roo_Json.aj
D:\workspace\jobmatcher\src\main\java\com\jobmatcher\domain\Addresses_Roo_JavaBean.aj
D:\workspace\jobmatcher\src\main\java\com\jobmatcher\domain\JobSeeker_Roo_Mongo_Entity.aj
D:\workspace\jobmatcher\src\main\java\com\jobmatcher\web\SavedJobApplicantController_Roo_Controller.aj
D:\workspace\jobmatcher\src\main\java\com\jobmatcher\domain\Job_Roo_ToString.aj
D:\workspace\jobmatcher\src\main\java\com\jobmatcher\web\CoverLetterController_Roo_Controller.aj
D:\workspace\jobmatcher\src\main\java\com\jobmatcher\domain\JobSeeker_Roo_ToString.aj
D:\workspace\jobmatcher\src\main\java\com\jobmatcher\domain\SavedJobApplicant_Roo_Mongo_Entity.aj
D:\workspace\jobmatcher\src\main\java\com\jobmatcher\service\JobApplicantService_Roo_Service.aj
D:\workspace\jobmatcher\src\main\java\com\jobmatcher\domain\SavedJobApplicant_Roo_JavaBean.aj
D:\workspace\jobmatcher\src\main\java\com\jobmatcher\web\HiringManagerController_Roo_Controller_Json.aj
D:\workspace\jobmatcher\src\main\java\com\jobmatcher\repository\JobApplicantRepository_Roo_Mongo_Repository.aj
D:\workspace\jobmatcher\src\main\java\com\jobmatcher\web\ResumeController_Roo_Controller_Json.aj
D:\workspace\jobmatcher\src\main\java\com\jobmatcher\web\CoverLetterController_Roo_Controller_Json.aj
D:\workspace\jobmatcher\src\main\java\com\jobmatcher\service\AddressServiceImpl_Roo_Service.aj
D:\workspace\jobmatcher\src\main\java\com\jobmatcher\service\AddressService.java
D:\workspace\jobmatcher\src\main\java\com\jobmatcher\service\SavedJobApplicantServiceImpl.java
D:\workspace\jobmatcher\src\main\java\com\jobmatcher\domain\JobSeeker_Roo_JavaBean.aj
D:\workspace\jobmatcher\src\main\java\com\jobmatcher\service\JobSeekerServiceImpl_Roo_Service.aj
D:\workspace\jobmatcher\src\main\java\com\jobmatcher\domain\CoverLetter.java
D:\workspace\jobmatcher\src\main\java\com\jobmatcher\service\CoverLetterServiceImpl_Roo_Service.aj
D:\workspace\jobmatcher\src\main\java\com\jobmatcher\service\ResumeServiceImpl.java
D:\workspace\jobmatcher\src\main\java\com\jobmatcher\web\HiringManagerController_Roo_Controller.aj
D:\workspace\jobmatcher\src\main\java\com\jobmatcher\domain\HiringManager_Roo_JavaBean.aj
D:\workspace\jobmatcher\src\main\java\com\jobmatcher\service\JobSeekerService_Roo_Service.aj
D:\workspace\jobmatcher\src\main\java\com\jobmatcher\domain\Resume.java
D:\workspace\jobmatcher\src\main\java\com\jobmatcher\web\ResumeController.java
D:\workspace\jobmatcher\src\main\java\com\jobmatcher\domain\HiringManager_Roo_Json.aj
D:\workspace\jobmatcher\src\main\java\com\jobmatcher\service\CoverLetterServiceImpl.java
D:\workspace\jobmatcher\src\main\java\com\jobmatcher\web\ResumeController_Roo_Controller.aj
D:\workspace\jobmatcher\src\main\java\com\jobmatcher\reference\ExperienceLevel.java
D:\workspace\jobmatcher\src\main\java\com\jobmatcher\web\SavedJobController_Roo_Controller.aj
D:\workspace\jobmatcher\src\main\java\com\jobmatcher\web\HiringManagerController.java
D:\workspace\jobmatcher\src\main\java\com\jobmatcher\repository\HiringManagerRepository_Roo_Mongo_Repository.aj
D:\workspace\jobmatcher\src\main\java\com\jobmatcher\service\ResumeService.java
D:\workspace\jobmatcher\src\main\java\com\jobmatcher\service\JobSeekerService.java
D:\workspace\jobmatcher\src\main\java\com\jobmatcher\domain\SavedJob_Roo_JavaBean.aj
D:\workspace\jobmatcher\src\main\java\com\jobmatcher\repository\SavedJobRepository.java
D:\workspace\jobmatcher\src\main\java\com\jobmatcher\service\SavedJobService.java
D:\workspace\jobmatcher\src\main\java\com\jobmatcher\web\SavedJobController.java
D:\workspace\jobmatcher\src\main\java\com\jobmatcher\web\ApplicationConversionServiceFactoryBean.java
D:\workspace\jobmatcher\src\main\java\com\jobmatcher\web\JobApplicantController_Roo_Controller_Json.aj
D:\workspace\jobmatcher\src\main\java\com\jobmatcher\service\AddressService_Roo_Service.aj
D:\workspace\jobmatcher\src\main\java\com\jobmatcher\web\AddressesController_Roo_Controller.aj
D:\workspace\jobmatcher\src\main\java\com\jobmatcher\web\SavedJobController_Roo_Controller_Json.aj
D:\workspace\jobmatcher\src\main\java\com\jobmatcher\web\ApplicationConversionServiceFactoryBean_Roo_ConversionService.aj
D:\workspace\jobmatcher\src\main\java\com\jobmatcher\repository\JobRepository_Roo_Mongo_Repository.aj
D:\workspace\jobmatcher\src\main\java\com\jobmatcher\domain\Job_Roo_Mongo_Entity.aj
D:\workspace\jobmatcher\src\main\java\com\jobmatcher\service\JobApplicantServiceImpl.java
D:\workspace\jobmatcher\src\main\java\com\jobmatcher\domain\Resume_Roo_Mongo_Entity.aj
D:\workspace\jobmatcher\src\main\java\com\jobmatcher\domain\Addresses_Roo_ToString.aj
D:\workspace\jobmatcher\src\main\java\com\jobmatcher\domain\JobApplicant_Roo_Json.aj
D:\workspace\jobmatcher\src\main\java\com\jobmatcher\web\JobApplicantController_Roo_Controller.aj
D:\workspace\jobmatcher\src\main\java\com\jobmatcher\repository\SavedJobApplicantRepository.java
D:\workspace\jobmatcher\src\main\java\com\jobmatcher\domain\HiringManager_Roo_Mongo_Entity.aj
D:\workspace\jobmatcher\src\main\java\com\jobmatcher\domain\Resume_Roo_ToString.aj
D:\workspace\jobmatcher\src\main\java\com\jobmatcher\web\JobApplicantController.java
D:\workspace\jobmatcher\src\main\java\com\jobmatcher\service\CoverLetterService_Roo_Service.aj
D:\workspace\jobmatcher\src\main\java\com\jobmatcher\service\HiringManagerServiceImpl_Roo_Service.aj
D:\workspace\jobmatcher\src\main\java\com\jobmatcher\domain\CoverLetter_Roo_ToString.aj
D:\workspace\jobmatcher\src\main\java\com\jobmatcher\domain\JobApplicant.java
D:\workspace\jobmatcher\src\main\java\com\jobmatcher\repository\JobRepository.java
D:\workspace\jobmatcher\src\main\java\com\jobmatcher\service\SavedJobService_Roo_Service.aj
D:\workspace\jobmatcher\src\main\java\com\jobmatcher\service\HiringManagerServiceImpl.java
D:\workspace\jobmatcher\src\main\java\com\jobmatcher\domain\SavedJob_Roo_Mongo_Entity.aj
D:\workspace\jobmatcher\src\main\java\com\jobmatcher\domain\CoverLetter_Roo_Mongo_Entity.aj
D:\workspace\jobmatcher\src\main\java\com\jobmatcher\repository\SavedJobApplicantRepository_Roo_Mongo_Repository.aj
D:\workspace\jobmatcher\src\main\java\com\jobmatcher\repository\JobApplicantRepository.java
D:\workspace\jobmatcher\src\main\java\com\jobmatcher\service\SavedJobServiceImpl_Roo_Service.aj
D:\workspace\jobmatcher\src\main\java\com\jobmatcher\service\JobService.java
D:\workspace\jobmatcher\src\main\java\com\jobmatcher\web\JobController_Roo_Controller_Json.aj
D:\workspace\jobmatcher\src\main\java\com\jobmatcher\domain\HiringManager.java
D:\workspace\jobmatcher\src\main\java\com\jobmatcher\domain\SavedJob_Roo_Json.aj
D:\workspace\jobmatcher\src\main\java\com\jobmatcher\repository\JobSeekerRepository_Roo_Mongo_Repository.aj
D:\workspace\jobmatcher\src\main\java\com\jobmatcher\service\SavedJobApplicantServiceImpl_Roo_Service.aj
D:\workspace\jobmatcher\src\main\java\com\jobmatcher\domain\SavedJobApplicant.java
D:\workspace\jobmatcher\src\main\java\com\jobmatcher\repository\AddressRepository_Roo_Mongo_Repository.aj
D:\workspace\jobmatcher\src\main\java\com\jobmatcher\service\JobServiceImpl.java
D:\workspace\jobmatcher\src\main\java\com\jobmatcher\domain\Resume_Roo_Json.aj
D:\workspace\jobmatcher\src\main\java\com\jobmatcher\reference\States.java
D:\workspace\jobmatcher\src\main\java\com\jobmatcher\service\JobService_Roo_Service.aj
D:\workspace\jobmatcher\src\main\java\com\jobmatcher\service\HiringManagerService_Roo_Service.aj
D:\workspace\jobmatcher\src\main\java\com\jobmatcher\service\JobApplicantService.java
D:\workspace\jobmatcher\src\main\java\com\jobmatcher\domain\SavedJob_Roo_ToString.aj
D:\workspace\jobmatcher\src\main\java\com\jobmatcher\repository\CoverLetterRepository_Roo_Mongo_Repository.aj
D:\workspace\jobmatcher\src\main\java\com\jobmatcher\domain\CoverLetter_Roo_JavaBean.aj
D:\workspace\jobmatcher\src\main\java\com\jobmatcher\repository\ResumeRepository.java
D:\workspace\jobmatcher\src\main\java\com\jobmatcher\web\SavedJobApplicantController.java
D:\workspace\jobmatcher\src\main\java\com\jobmatcher\domain\Resume_Roo_JavaBean.aj
D:\workspace\jobmatcher\src\main\java\com\jobmatcher\domain\JobSeeker_Roo_Json.aj
D:\workspace\jobmatcher\src\main\java\com\jobmatcher\repository\JobSeekerRepository.java
D:\workspace\jobmatcher\src\main\java\com\jobmatcher\service\SavedJobApplicantService_Roo_Service.aj
D:\workspace\jobmatcher\src\main\java\com\jobmatcher\web\JobController.java
D:\workspace\jobmatcher\src\main\java\com\jobmatcher\domain\JobApplicant_Roo_Mongo_Entity.aj
D:\workspace\jobmatcher\src\main\java\com\jobmatcher\web\CoverLetterController.java
D:\workspace\jobmatcher\src\main\java\com\jobmatcher\domain\SavedJobApplicant_Roo_ToString.aj
D:\workspace\jobmatcher\src\main\java\com\jobmatcher\web\AddressesController_Roo_Controller_Json.aj
D:\workspace\jobmatcher\src\main\java\com\jobmatcher\web\SavedJobApplicantController_Roo_Controller_Json.aj
D:\workspace\jobmatcher\src\main\java\com\jobmatcher\domain\JobApplicant_Roo_ToString.aj
D:\workspace\jobmatcher\src\main\java\com\jobmatcher\repository\CoverLetterRepository.java
D:\workspace\jobmatcher\src\main\java\com\jobmatcher\domain\JobSeeker.java
D:\workspace\jobmatcher\src\main\java\com\jobmatcher\domain\Job_Roo_Json.aj
D:\workspace\jobmatcher\src\main\java\com\jobmatcher\web\JobController_Roo_Controller.aj
D:\workspace\jobmatcher\src\main\java\com\jobmatcher\repository\ResumeRepository_Roo_Mongo_Repository.aj
D:\workspace\jobmatcher\src\main\java\com\jobmatcher\service\HiringManagerService.java
D:\workspace\jobmatcher\src\main\java\com\jobmatcher\reference\Industry.java
D:\workspace\jobmatcher\src\main\java\com\jobmatcher\domain\Job.java
D:\workspace\jobmatcher\src\main\java\com\jobmatcher\repository\AddressRepository.java
D:\workspace\jobmatcher\src\main\java\com\jobmatcher\repository\HiringManagerRepository.java
D:\workspace\jobmatcher\src\main\java\com\jobmatcher\repository\SavedJobRepository_Roo_Mongo_Repository.aj
D:\workspace\jobmatcher\src\main\java\com\jobmatcher\service\JobServiceImpl_Roo_Service.aj
